<?xml version="1.0" encoding="UTF-8"?>
<!-- Generated by org.testng.reporters.JUnitXMLReporter -->
<testsuite ignored="0" hostname="LAPTOP-FQQU4RFM" failures="0" tests="6" name="Daily Run" time="92.282" errors="0" timestamp="2024-12-26T23:48:18 IST">
  <testcase classname="com.hrm.tests.TestHomePage" name="verifyPanelElementsAreClickable" time="35.477"/>
  <testcase classname="com.hrm.tests.TestHomePage" name="verifyRightPanelElements" time="34.744"/>
  <testcase classname="com.hrm.tests.TestHomePage" name="verifypanelelements" time="6.519"/>
  <testcase classname="com.hrm.tests.TestLogin" name="verifyerrormessagesforblankfields" time="0.667"/>
  <testcase classname="com.hrm.tests.TestLogin" name="invalidCredentialsVerification" time="2.201"/>
  <testcase classname="com.hrm.tests.TestLogin" name="validlogin" time="4.561"/>
</testsuite> <!-- Daily Run -->
